<?xml version="1.0" encoding="UTF-8"?>
<!-- Generated by org.testng.reporters.JUnitReportReporter -->
<testsuite name="Java_4_Automation.TstWebsite" tests="6" time="26.986" ignored="0" failures="0" timestamp="04 Apr 2020 10:26:29 GMT" skipped="0" hostname="windows7-PC" errors="0">
  <testcase name="gender" time="1.419" classname="Java_4_Automation.TstWebsite"/>
  <testcase name="fullName" time="7.403" classname="Java_4_Automation.TstWebsite"/>
  <testcase name="profession" time="4.424" classname="Java_4_Automation.TstWebsite"/>
  <testcase name="experience" time="4.437" classname="Java_4_Automation.TstWebsite"/>
  <testcase name="tools" time="7.791" classname="Java_4_Automation.TstWebsite"/>
  <testcase name="continent" time="1.512" classname="Java_4_Automation.TstWebsite"/>
</testsuite> <!-- Java_4_Automation.TstWebsite -->
