<?xml version="1.0" encoding="UTF-8"?>
<!-- Generated by org.testng.reporters.JUnitReportReporter -->
<testsuite name="Java_4_Automation.Test_Website_Excel_Read" tests="3" time="65.699" ignored="0" failures="0" timestamp="04 Apr 2020 14:22:14 GMT" skipped="0" hostname="windows7-PC" errors="0">
  <testcase name="test1" time="34.749" classname="Java_4_Automation.Test_Website_Excel_Read"/>
  <testcase name="test1" time="15.497" classname="Java_4_Automation.Test_Website_Excel_Read"/>
  <testcase name="test1" time="15.453" classname="Java_4_Automation.Test_Website_Excel_Read"/>
</testsuite> <!-- Java_4_Automation.Test_Website_Excel_Read -->
