<?xml version="1.0" encoding="UTF-8"?>
<!-- Generated by org.testng.reporters.JUnitReportReporter -->
<testsuite name="Excel_Utils.ExcelDataProvider" tests="3" time="40.446" ignored="0" failures="0" timestamp="04 Apr 2020 11:03:32 GMT" skipped="0" hostname="windows7-PC" errors="0">
  <testcase name="test1" time="18.855" classname="Excel_Utils.ExcelDataProvider"/>
  <testcase name="test1" time="11.143" classname="Excel_Utils.ExcelDataProvider"/>
  <testcase name="test1" time="10.448" classname="Excel_Utils.ExcelDataProvider"/>
</testsuite> <!-- Excel_Utils.ExcelDataProvider -->
